android-build/app/build/intermediates/manifest_merge_blame_file/debug/manifest-merger-blame-debug-report.txt
1<?xml version="1.0" encoding="utf-8"?>
2<manifest xmlns:android="http://schemas.android.com/apk/res/android"
3    package="com.oknc.trade"
4    android:installLocation="preferExternal"
5    android:versionCode="2"
6    android:versionName="2.0.0" >
7
8    <uses-sdk
9        android:minSdkVersion="23"
10        android:targetSdkVersion="34" />
11
12    <uses-permission android:name="android.permission.INTERNET" />
12-->src/main/AndroidManifest.xml:7:5-67
12-->src/main/AndroidManifest.xml:7:22-64
13    <uses-permission android:name="android.permission.ACCESS_NETWORK_STATE" />
13-->src/main/AndroidManifest.xml:8:5-79
13-->src/main/AndroidManifest.xml:8:22-76
14
15    <application
15-->src/main/AndroidManifest.xml:9:5-27:19
16        android:allowBackup="true"
16-->src/main/AndroidManifest.xml:10:9-35
17        android:debuggable="true"
18        android:extractNativeLibs="false"
19        android:icon="@drawable/icon"
19-->src/main/AndroidManifest.xml:11:9-38
20        android:label="OkncTrade"
20-->src/main/AndroidManifest.xml:12:9-34
21        android:supportsRtl="true"
21-->src/main/AndroidManifest.xml:13:9-35
22        android:theme="@style/AppTheme"
22-->src/main/AndroidManifest.xml:14:9-40
23        android:usesCleartextTraffic="false" >
23-->src/main/AndroidManifest.xml:15:9-45
24        <activity
24-->src/main/AndroidManifest.xml:16:9-26:20
25            android:name="com.oknc.trade.MainActivity"
25-->src/main/AndroidManifest.xml:17:13-41
26            android:configChanges="orientation|screenSize|keyboardHidden"
26-->src/main/AndroidManifest.xml:20:13-74
27            android:exported="true"
27-->src/main/AndroidManifest.xml:19:13-36
28            android:label="OkncTrade"
28-->src/main/AndroidManifest.xml:18:13-38
29            android:screenOrientation="portrait" >
29-->src/main/AndroidManifest.xml:21:13-49
30            <intent-filter>
30-->src/main/AndroidManifest.xml:22:13-25:29
31                <action android:name="android.intent.action.MAIN" />
31-->src/main/AndroidManifest.xml:23:17-69
31-->src/main/AndroidManifest.xml:23:25-66
32
33                <category android:name="android.intent.category.LAUNCHER" />
33-->src/main/AndroidManifest.xml:24:17-77
33-->src/main/AndroidManifest.xml:24:27-74
34            </intent-filter>
35        </activity>
36    </application>
37
38</manifest>